Determining size of off64_t failed with the following output:
Change Dir: C:/Users/user/Desktop/OGL_Indexno2/OGL_Indexno/libs/assimp/build/CMakeFiles/CMakeTmp

Run Build Command:"C:/Program Files (x86)/Microsoft Visual Studio/2017/Community/MSBuild/15.0/Bin/MSBuild.exe" "cmTC_f1dcc.vcxproj" "/p:Configuration=Debug" "/p:VisualStudioVersion=15.0"
Microsoft (R) Build Engine version 15.3.409.57025 for .NET Framework
Copyright (C) Microsoft Corporation. All rights reserved.

Build started 20.4.2018 Ј. 13:20:53.
Project "C:\Users\user\Desktop\OGL_Indexno2\OGL_Indexno\libs\assimp\build\CMakeFiles\CMakeTmp\cmTC_f1dcc.vcxproj" on node 1 (default targets).
PrepareForBuild:
  Creating directory "cmTC_f1dcc.dir\Debug\".
  Creating directory "C:\Users\user\Desktop\OGL_Indexno2\OGL_Indexno\libs\assimp\build\CMakeFiles\CMakeTmp\Debug\".
  Creating directory "cmTC_f1dcc.dir\Debug\cmTC_f1dcc.tlog\".
InitializeBuildStatus:
  Creating "cmTC_f1dcc.dir\Debug\cmTC_f1dcc.tlog\unsuccessfulbuild" because "AlwaysCreate" was specified.
ClCompile:
  C:\Program Files (x86)\Microsoft Visual Studio\2017\Community\VC\Tools\MSVC\14.11.25503\bin\HostX86\x86\CL.exe /c /Zi /W3 /WX- /diagnostics:classic /Od /Ob0 /Oy- /D WIN32 /D _WINDOWS /D _LARGEFILE64_SOURCE=1 /D HAVE_SYS_TYPES_H /D HAVE_STDINT_H /D HAVE_STDDEF_H /D "CMAKE_INTDIR=\"Debug\"" /D _MBCS /Gm- /RTC1 /MDd /GS /fp:precise /Zc:wchar_t /Zc:forScope /Zc:inline /Fo"cmTC_f1dcc.dir\Debug\\" /Fd"cmTC_f1dcc.dir\Debug\vc141.pdb" /Gd /TC /analyze- /errorReport:queue C:\Users\user\Desktop\OGL_Indexno2\OGL_Indexno\libs\assimp\build\CMakeFiles\CheckTypeSize\OFF64_T.c
  Microsoft (R) C/C++ Optimizing Compiler Version 19.11.25508.2 for x86
  Copyright (C) Microsoft Corporation.  All rights reserved.
  
  cl /c /Zi /W3 /WX- /diagnostics:classic /Od /Ob0 /Oy- /D WIN32 /D _WINDOWS /D _LARGEFILE64_SOURCE=1 /D HAVE_SYS_TYPES_H /D HAVE_STDINT_H /D HAVE_STDDEF_H /D "CMAKE_INTDIR=\"Debug\"" /D _MBCS /Gm- /RTC1 /MDd /GS /fp:precise /Zc:wchar_t /Zc:forScope /Zc:inline /Fo"cmTC_f1dcc.dir\Debug\\" /Fd"cmTC_f1dcc.dir\Debug\vc141.pdb" /Gd /TC /analyze- /errorReport:queue C:\Users\user\Desktop\OGL_Indexno2\OGL_Indexno\libs\assimp\build\CMakeFiles\CheckTypeSize\OFF64_T.c
  OFF64_T.c
  
C:\Users\user\Desktop\OGL_Indexno2\OGL_Indexno\libs\assimp\build\CMakeFiles\CheckTypeSize\OFF64_T.c(25): error C2065: 'off64_t': undeclared identifier [C:\Users\user\Desktop\OGL_Indexno2\OGL_Indexno\libs\assimp\build\CMakeFiles\CMakeTmp\cmTC_f1dcc.vcxproj]
C:\Users\user\Desktop\OGL_Indexno2\OGL_Indexno\libs\assimp\build\CMakeFiles\CheckTypeSize\OFF64_T.c(26): error C2065: 'off64_t': undeclared identifier [C:\Users\user\Desktop\OGL_Indexno2\OGL_Indexno\libs\assimp\build\CMakeFiles\CMakeTmp\cmTC_f1dcc.vcxproj]
C:\Users\user\Desktop\OGL_Indexno2\OGL_Indexno\libs\assimp\build\CMakeFiles\CheckTypeSize\OFF64_T.c(27): error C2065: 'off64_t': undeclared identifier [C:\Users\user\Desktop\OGL_Indexno2\OGL_Indexno\libs\assimp\build\CMakeFiles\CMakeTmp\cmTC_f1dcc.vcxproj]
C:\Users\user\Desktop\OGL_Indexno2\OGL_Indexno\libs\assimp\build\CMakeFiles\CheckTypeSize\OFF64_T.c(28): error C2065: 'off64_t': undeclared identifier [C:\Users\user\Desktop\OGL_Indexno2\OGL_Indexno\libs\assimp\build\CMakeFiles\CMakeTmp\cmTC_f1dcc.vcxproj]
C:\Users\user\Desktop\OGL_Indexno2\OGL_Indexno\libs\assimp\build\CMakeFiles\CheckTypeSize\OFF64_T.c(29): error C2065: 'off64_t': undeclared identifier [C:\Users\user\Desktop\OGL_Indexno2\OGL_Indexno\libs\assimp\build\CMakeFiles\CMakeTmp\cmTC_f1dcc.vcxproj]
Done Building Project "C:\Users\user\Desktop\OGL_Indexno2\OGL_Indexno\libs\assimp\build\CMakeFiles\CMakeTmp\cmTC_f1dcc.vcxproj" (default targets) -- FAILED.

Build FAILED.

"C:\Users\user\Desktop\OGL_Indexno2\OGL_Indexno\libs\assimp\build\CMakeFiles\CMakeTmp\cmTC_f1dcc.vcxproj" (default target) (1) ->
(ClCompile target) -> 
  C:\Users\user\Desktop\OGL_Indexno2\OGL_Indexno\libs\assimp\build\CMakeFiles\CheckTypeSize\OFF64_T.c(25): error C2065: 'off64_t': undeclared identifier [C:\Users\user\Desktop\OGL_Indexno2\OGL_Indexno\libs\assimp\build\CMakeFiles\CMakeTmp\cmTC_f1dcc.vcxproj]
  C:\Users\user\Desktop\OGL_Indexno2\OGL_Indexno\libs\assimp\build\CMakeFiles\CheckTypeSize\OFF64_T.c(26): error C2065: 'off64_t': undeclared identifier [C:\Users\user\Desktop\OGL_Indexno2\OGL_Indexno\libs\assimp\build\CMakeFiles\CMakeTmp\cmTC_f1dcc.vcxproj]
  C:\Users\user\Desktop\OGL_Indexno2\OGL_Indexno\libs\assimp\build\CMakeFiles\CheckTypeSize\OFF64_T.c(27): error C2065: 'off64_t': undeclared identifier [C:\Users\user\Desktop\OGL_Indexno2\OGL_Indexno\libs\assimp\build\CMakeFiles\CMakeTmp\cmTC_f1dcc.vcxproj]
  C:\Users\user\Desktop\OGL_Indexno2\OGL_Indexno\libs\assimp\build\CMakeFiles\CheckTypeSize\OFF64_T.c(28): error C2065: 'off64_t': undeclared identifier [C:\Users\user\Desktop\OGL_Indexno2\OGL_Indexno\libs\assimp\build\CMakeFiles\CMakeTmp\cmTC_f1dcc.vcxproj]
  C:\Users\user\Desktop\OGL_Indexno2\OGL_Indexno\libs\assimp\build\CMakeFiles\CheckTypeSize\OFF64_T.c(29): error C2065: 'off64_t': undeclared identifier [C:\Users\user\Desktop\OGL_Indexno2\OGL_Indexno\libs\assimp\build\CMakeFiles\CMakeTmp\cmTC_f1dcc.vcxproj]

    0 Warning(s)
    5 Error(s)

Time Elapsed 00:00:00.79

C:/Users/user/Desktop/OGL_Indexno2/OGL_Indexno/libs/assimp/build/CMakeFiles/CheckTypeSize/OFF64_T.c:
#include <sys/types.h>
#include <stdint.h>
#include <stddef.h>


#undef KEY
#if defined(__i386)
# define KEY '_','_','i','3','8','6'
#elif defined(__x86_64)
# define KEY '_','_','x','8','6','_','6','4'
#elif defined(__ppc__)
# define KEY '_','_','p','p','c','_','_'
#elif defined(__ppc64__)
# define KEY '_','_','p','p','c','6','4','_','_'
#elif defined(__aarch64__)
# define KEY '_','_','a','a','r','c','h','6','4','_','_'
#elif defined(__ARM_ARCH_7A__)
# define KEY '_','_','A','R','M','_','A','R','C','H','_','7','A','_','_'
#elif defined(__ARM_ARCH_7S__)
# define KEY '_','_','A','R','M','_','A','R','C','H','_','7','S','_','_'
#endif

#define SIZE (sizeof(off64_t))
char info_size[] =  {'I', 'N', 'F', 'O', ':', 's','i','z','e','[',
  ('0' + ((SIZE / 10000)%10)),
  ('0' + ((SIZE / 1000)%10)),
  ('0' + ((SIZE / 100)%10)),
  ('0' + ((SIZE / 10)%10)),
  ('0' +  (SIZE    % 10)),
  ']',
#ifdef KEY
  ' ','k','e','y','[', KEY, ']',
#endif
  '\0'};

#ifdef __CLASSIC_C__
int main(argc, argv) int argc; char *argv[];
#else
int main(int argc, char *argv[])
#endif
{
  int require = 0;
  require += info_size[argc];
  (void)argv;
  return require;
}


Determining if the function fseeko exists failed with the following output:
Change Dir: C:/Users/user/Desktop/OGL_Indexno2/OGL_Indexno/libs/assimp/build/CMakeFiles/CMakeTmp

Run Build Command:"C:/Program Files (x86)/Microsoft Visual Studio/2017/Community/MSBuild/15.0/Bin/MSBuild.exe" "cmTC_dcdf0.vcxproj" "/p:Configuration=Debug" "/p:VisualStudioVersion=15.0"
Microsoft (R) Build Engine version 15.3.409.57025 for .NET Framework
Copyright (C) Microsoft Corporation. All rights reserved.

Build started 20.4.2018 Ј. 13:20:54.
Project "C:\Users\user\Desktop\OGL_Indexno2\OGL_Indexno\libs\assimp\build\CMakeFiles\CMakeTmp\cmTC_dcdf0.vcxproj" on node 1 (default targets).
PrepareForBuild:
  Creating directory "cmTC_dcdf0.dir\Debug\".
  Creating directory "C:\Users\user\Desktop\OGL_Indexno2\OGL_Indexno\libs\assimp\build\CMakeFiles\CMakeTmp\Debug\".
  Creating directory "cmTC_dcdf0.dir\Debug\cmTC_dcdf0.tlog\".
InitializeBuildStatus:
  Creating "cmTC_dcdf0.dir\Debug\cmTC_dcdf0.tlog\unsuccessfulbuild" because "AlwaysCreate" was specified.
ClCompile:
  C:\Program Files (x86)\Microsoft Visual Studio\2017\Community\VC\Tools\MSVC\14.11.25503\bin\HostX86\x86\CL.exe /c /Zi /W3 /WX- /diagnostics:classic /Od /Ob0 /Oy- /D WIN32 /D _WINDOWS /D CHECK_FUNCTION_EXISTS=fseeko /D "CMAKE_INTDIR=\"Debug\"" /D _MBCS /Gm- /RTC1 /MDd /GS /fp:precise /Zc:wchar_t /Zc:forScope /Zc:inline /Fo"cmTC_dcdf0.dir\Debug\\" /Fd"cmTC_dcdf0.dir\Debug\vc141.pdb" /Gd /TC /analyze- /errorReport:queue "C:\Program Files\CMake\share\cmake-3.11\Modules\CheckFunctionExists.c"
  Microsoft (R) C/C++ Optimizing Compiler Version 19.11.25508.2 for x86
  Copyright (C) Microsoft Corporation.  All rights reserved.
  
  cl /c /Zi /W3 /WX- /diagnostics:classic /Od /Ob0 /Oy- /D WIN32 /D _WINDOWS /D CHECK_FUNCTION_EXISTS=fseeko /D "CMAKE_INTDIR=\"Debug\"" /D _MBCS /Gm- /RTC1 /MDd /GS /fp:precise /Zc:wchar_t /Zc:forScope /Zc:inline /Fo"cmTC_dcdf0.dir\Debug\\" /Fd"cmTC_dcdf0.dir\Debug\vc141.pdb" /Gd /TC /analyze- /errorReport:queue "C:\Program Files\CMake\share\cmake-3.11\Modules\CheckFunctionExists.c"
  CheckFunctionExists.c
  
Link:
  C:\Program Files (x86)\Microsoft Visual Studio\2017\Community\VC\Tools\MSVC\14.11.25503\bin\HostX86\x86\link.exe /ERRORREPORT:QUEUE /OUT:"C:\Users\user\Desktop\OGL_Indexno2\OGL_Indexno\libs\assimp\build\CMakeFiles\CMakeTmp\Debug\cmTC_dcdf0.exe" /INCREMENTAL /NOLOGO kernel32.lib user32.lib gdi32.lib winspool.lib shell32.lib ole32.lib oleaut32.lib uuid.lib comdlg32.lib advapi32.lib /MANIFEST /MANIFESTUAC:"level='asInvoker' uiAccess='false'" /manifest:embed /DEBUG /PDB:"C:/Users/user/Desktop/OGL_Indexno2/OGL_Indexno/libs/assimp/build/CMakeFiles/CMakeTmp/Debug/cmTC_dcdf0.pdb" /SUBSYSTEM:CONSOLE /TLBID:1 /DYNAMICBASE /NXCOMPAT /IMPLIB:"C:/Users/user/Desktop/OGL_Indexno2/OGL_Indexno/libs/assimp/build/CMakeFiles/CMakeTmp/Debug/cmTC_dcdf0.lib" /MACHINE:X86 /SAFESEH  /machine:X86 cmTC_dcdf0.dir\Debug\CheckFunctionExists.obj
CheckFunctionExists.obj : error LNK2019: unresolved external symbol _fseeko referenced in function _main [C:\Users\user\Desktop\OGL_Indexno2\OGL_Indexno\libs\assimp\build\CMakeFiles\CMakeTmp\cmTC_dcdf0.vcxproj]
C:\Users\user\Desktop\OGL_Indexno2\OGL_Indexno\libs\assimp\build\CMakeFiles\CMakeTmp\Debug\cmTC_dcdf0.exe : fatal error LNK1120: 1 unresolved externals [C:\Users\user\Desktop\OGL_Indexno2\OGL_Indexno\libs\assimp\build\CMakeFiles\CMakeTmp\cmTC_dcdf0.vcxproj]
Done Building Project "C:\Users\user\Desktop\OGL_Indexno2\OGL_Indexno\libs\assimp\build\CMakeFiles\CMakeTmp\cmTC_dcdf0.vcxproj" (default targets) -- FAILED.

Build FAILED.

"C:\Users\user\Desktop\OGL_Indexno2\OGL_Indexno\libs\assimp\build\CMakeFiles\CMakeTmp\cmTC_dcdf0.vcxproj" (default target) (1) ->
(Link target) -> 
  CheckFunctionExists.obj : error LNK2019: unresolved external symbol _fseeko referenced in function _main [C:\Users\user\Desktop\OGL_Indexno2\OGL_Indexno\libs\assimp\build\CMakeFiles\CMakeTmp\cmTC_dcdf0.vcxproj]
  C:\Users\user\Desktop\OGL_Indexno2\OGL_Indexno\libs\assimp\build\CMakeFiles\CMakeTmp\Debug\cmTC_dcdf0.exe : fatal error LNK1120: 1 unresolved externals [C:\Users\user\Desktop\OGL_Indexno2\OGL_Indexno\libs\assimp\build\CMakeFiles\CMakeTmp\cmTC_dcdf0.vcxproj]

    0 Warning(s)
    2 Error(s)

Time Elapsed 00:00:00.94


Determining if the include file unistd.h exists failed with the following output:
Change Dir: C:/Users/user/Desktop/OGL_Indexno2/OGL_Indexno/libs/assimp/build/CMakeFiles/CMakeTmp

Run Build Command:"C:/Program Files (x86)/Microsoft Visual Studio/2017/Community/MSBuild/15.0/Bin/MSBuild.exe" "cmTC_9b509.vcxproj" "/p:Configuration=Debug" "/p:VisualStudioVersion=15.0"
Microsoft (R) Build Engine version 15.3.409.57025 for .NET Framework
Copyright (C) Microsoft Corporation. All rights reserved.

Build started 20.4.2018 Ј. 13:20:55.
Project "C:\Users\user\Desktop\OGL_Indexno2\OGL_Indexno\libs\assimp\build\CMakeFiles\CMakeTmp\cmTC_9b509.vcxproj" on node 1 (default targets).
PrepareForBuild:
  Creating directory "cmTC_9b509.dir\Debug\".
  Creating directory "C:\Users\user\Desktop\OGL_Indexno2\OGL_Indexno\libs\assimp\build\CMakeFiles\CMakeTmp\Debug\".
  Creating directory "cmTC_9b509.dir\Debug\cmTC_9b509.tlog\".
InitializeBuildStatus:
  Creating "cmTC_9b509.dir\Debug\cmTC_9b509.tlog\unsuccessfulbuild" because "AlwaysCreate" was specified.
ClCompile:
  C:\Program Files (x86)\Microsoft Visual Studio\2017\Community\VC\Tools\MSVC\14.11.25503\bin\HostX86\x86\CL.exe /c /Zi /W3 /WX- /diagnostics:classic /Od /Ob0 /Oy- /D WIN32 /D _WINDOWS /D "CMAKE_INTDIR=\"Debug\"" /D _MBCS /Gm- /RTC1 /MDd /GS /fp:precise /Zc:wchar_t /Zc:forScope /Zc:inline /Fo"cmTC_9b509.dir\Debug\\" /Fd"cmTC_9b509.dir\Debug\vc141.pdb" /Gd /TC /analyze- /errorReport:queue C:\Users\user\Desktop\OGL_Indexno2\OGL_Indexno\libs\assimp\build\CMakeFiles\CMakeTmp\CheckIncludeFile.c
  Microsoft (R) C/C++ Optimizing Compiler Version 19.11.25508.2 for x86
  Copyright (C) Microsoft Corporation.  All rights reserved.
  
  cl /c /Zi /W3 /WX- /diagnostics:classic /Od /Ob0 /Oy- /D WIN32 /D _WINDOWS /D "CMAKE_INTDIR=\"Debug\"" /D _MBCS /Gm- /RTC1 /MDd /GS /fp:precise /Zc:wchar_t /Zc:forScope /Zc:inline /Fo"cmTC_9b509.dir\Debug\\" /Fd"cmTC_9b509.dir\Debug\vc141.pdb" /Gd /TC /analyze- /errorReport:queue C:\Users\user\Desktop\OGL_Indexno2\OGL_Indexno\libs\assimp\build\CMakeFiles\CMakeTmp\CheckIncludeFile.c
  CheckIncludeFile.c
  
C:\Users\user\Desktop\OGL_Indexno2\OGL_Indexno\libs\assimp\build\CMakeFiles\CMakeTmp\CheckIncludeFile.c(1): fatal error C1083: Cannot open include file: 'unistd.h': No such file or directory [C:\Users\user\Desktop\OGL_Indexno2\OGL_Indexno\libs\assimp\build\CMakeFiles\CMakeTmp\cmTC_9b509.vcxproj]
Done Building Project "C:\Users\user\Desktop\OGL_Indexno2\OGL_Indexno\libs\assimp\build\CMakeFiles\CMakeTmp\cmTC_9b509.vcxproj" (default targets) -- FAILED.

Build FAILED.

"C:\Users\user\Desktop\OGL_Indexno2\OGL_Indexno\libs\assimp\build\CMakeFiles\CMakeTmp\cmTC_9b509.vcxproj" (default target) (1) ->
(ClCompile target) -> 
  C:\Users\user\Desktop\OGL_Indexno2\OGL_Indexno\libs\assimp\build\CMakeFiles\CMakeTmp\CheckIncludeFile.c(1): fatal error C1083: Cannot open include file: 'unistd.h': No such file or directory [C:\Users\user\Desktop\OGL_Indexno2\OGL_Indexno\libs\assimp\build\CMakeFiles\CMakeTmp\cmTC_9b509.vcxproj]

    0 Warning(s)
    1 Error(s)

Time Elapsed 00:00:00.80


